[    0.0000] inx version 4.15.0-42generi (uildd@lgw01amd6-023) (gcc vesion 7.3.0 (Ubunu .3.0-16butu3)) 45-Ubutu S Thu ov 15 :32:57 TC2018 (Ubnt 4.15.0-4245generic .1.18)
[    0.000000] Command line: BOOT_IMAGE=/boot/vmlinuz-4.15.0-442-enricrot=LABE=coudimg-rotf ro conol=tty cnsol=tyS0
   0.00000] KERNEL supportted cpus:
[    0.000000]   Intel GenuineIntel
[    0.000000]   AMD AuthenticAMD
[    0.000000]   Cetar CenturHals
[    0.000000] x86/fpu: Supporting XSAVE feature 0x001: 'x87 floating point registers'
[    0.000000] x86/fpu: Supporting XSAVE feature 0x002: 'SSE registers'
[    0.000000] x86/fpu: Supporting XSAVE feature 0x004: 'AVX registers'
[    0.000000] x86/fpu: xstate_offset[2]:  576, xstate_sizes[2]:  256
[    0.000000]x8/fpu:nabled xstate features 0x7, context size is 832 bytes, using 'standard' format.
[    0.000000] e820: BIOS-provided physical RAM map:
[    0.000000] BIOS-e820: [mem 0x0000000000000000-0x000000000009fbff] usable
[    0.000000] BIOS-e820: [mem 0x000000000009fc00-0x000000000009ffff] resved[    0.00000]BIS-820:mem 0x00000000f0000x0000000ffff] esered
[  0.00000] BIS-e820:mem 00000000100000-0x000003feffff] usabe
[  0.00000]BIOS-e20 [mem0x0000000ff00000x000000003fffffff] ACPI data
[    0.000000] BIOS-e820: [mem 0x00000000fec00000-0x00000000fec00fff] reserved
[    0.000000] BIOS-e820: [mem 0x00000000fee00000-0x00000000fee00fff] reserved
[    0.000000] BIOS-e820: [mem 0x00000000fffc0000-0x00000000ffffffff] reserved
[  0.0000] NXExecute Diabe) prtetion atie
[   0.00000] MBOS2.5 pesnt
   000000] DMI: inotekGmH irualBoxVitualox BIO VrtualBox 1/01/206
[  0.0000] yprvisor deteed: VM
[    0000000] e820: last_pfn= 0x3f0 maxarh_pf =0x4000000[   .00000 MTR: isabed
[    000000 x6/PAT: MRR disabed, skppng PT nitiliationtoo.
   0000000 CPU MTRs all bank  vrtualizedsystm.
[    0000000] x8/PAT: Coiguraton[07] WB  W  UC- C WB  WT UC- UC  
[    0.000000] found SMP MP-table at [mem 0x0009fff0-x000fff] maped at       (ptal)]
   0.00000 Scaning  aeas orlow memry corrupton
[   0.00000RAMDSK [mem 035ae30000x36d8ff]
   0.00000 ACPI: Ealytalechcksum verficaio dsaled
[   0.00000] ACPI RDP 0x00000000E0000 0024(v2 VBOX )
[   0.000] ACPI XDT 000000003FF003 0003C(v1 VBX  VBOXXSDT 00000001 ASL  00000061)
[    0.000000] ACPI: FACP 000000003FF00F 000F4(v4 VBOX  VBOXFAP 0000001 ASL 000001)
   000000]ACI:DST 0x000003FF0470 021F (v VBOX VBOXIO 000002 INTL2000528)
[    0.000000] ACPI: FAS 0x0000003FF020 00040
[    0.00000] ACPI FACS x000003FFF020 0004
   0.00000]ACPI:APC 0x0000003F0240 005C(v02 VBOX   BOAPIC 0000 ASL  000061)
[   0.00000] API SSDT 0000000FFF0A000CC (v0 VOX  VOXCPUT0000002 NT201005)
[  0.0000] NNUMAcofiguration found
[    0.000000] Faking a node at [mem 0x0000000000000000-0x000000003ffeffff]
[    0.000000] NODE_AT(0) alocted [mem 03ffc00-0x3ffeffff]
[    0.000000] kvm-clock: cpu 0, msr 0:3ff44001, primar cpu clck
   000000] kv-cockUsin mrs 456d01an 4b56d00[  0.0000] kv-cock: ung schd ffset o 43821111 yces
   000000] clcksoure: km-lock msk: 0xffffffffffffffff max_cycles: 0x1cd42e4dfb maxdle_ns 8815959483 ns
[   .00000] Zoe rage:
[  0.00000]  DA    [mem x000000000100-000000000fffff]
[    0.000000   DA32    [mem 0x0000000010000-0x0000003ffefff]
[    0.0000]  Nrmal  empt
    0.000000]  Device   empty[    0.00000] Movablezoe startfor each node[   0000000] Earlymeory od range
[    0.000000   nde  : [mem0x000000001000-0x00000000eff
[   .000000]   node  0: [mm x000000001000000-x000003ffeff]
[   .00000] Inime setp ode 0[mem0x0000000000000-x000003ffefff]
[   .00000 Rseved but unailabl: 8 page
    000000] ACI:PMTier IO Pot: 0x00
[   .00000]IOAPC[]: aic_i 2, vrsio 3, addrss0xfec0000 GSI 023
   0.00000] CP: INT_SRCOV (us0 bus_rq0 global_irq 2 dfl l)
[   000000]ACPI:NT_SRC_VR(b 0 bs_rq 9 global_irq 9 low level)
[    0.000000] Using ACPI (MADT) for SMP configuration information
[    0.000000] smpboot: Allowing 2 CPUs, 0 hotplug CPUs
[    000000] P: Reiserednoave emry: [mem0x000000-0x000ff]
[   .000000PM: Regiserd noav mmoy: [em0x000f00-0x0009fff]
   0.00000]PM: Registred noav memory:[mem 0x00a000-0x00efff]
[   .00000] PM: Rgistere nsave memry [mem 000f0000-0x000fff]
[   0.000000 e820: [mem 0x40000000-0xfebfffff] available for PCI devices
[    0.000000] Booting paravirtualized kernel on KVM
[    0.000000] cloksouce refined-jffes: mask: xffffff max_cyle: 0xfffffff max_le_ns: 74519600211568 ns
[    0.000000]random: get_random_bytes called from start_kernel+0x99/0x4fd with crng_int=0
[    .000000] setup_percpu: NRCPS:8192 nr_cpumskbits:2 r_pu_ids:2 nr_node_ds:1
[    0.000000] percpu: Embedded 46 pages/cpu @        (ptrval) s151552 r8192 d28672 u1048576
   0.000000] PV qspinlock hash table nties: 256 ordr: 0,4096 bytes)
[    0.000000] Built 1 zoneists, mobility grouping on.  otal pges: 257913
[    0.000000] Policy zone: DMA32
[    000000] Kenel command line: BOOT_IMAGE=/boot/vmlinuz-4.15.0-42-generic root=LABEL=cloudimg-rootfs ro console=tty1 console=ttyS0
[    0.000000] Memory: 983616K/1048120K availble (130K kernelcoe, 272K rdata, 4252K rodata, 40K init,416K bss, 64504Kreserved, 0K cma-reserved)
[    0.00000] SLUB:HWalgn64, rdr=0-3 MnObjects0,CPUs=2, Nodes=11[    0.00000 Keerne/Uer page tables isolationenabed
[   0.0000] ftrae:alloctig 39186entries in 154 pages
[    0.004000] Hierarchical RCU implementation.
[    .00400 	RCU rstictig PUs from NR_CPS=812 o nr_cu_ids=2.
[    000000] asks RCU enabled.
[    0.004000] RCU: Adjusting geometry for rcu_fanout_leaf=16, nr_cpu_ids=2
[    0.004000] NR_IRQS: 524544, nr_irqs: 440, preallocated irqs: 16
[    0.00400  Consoe:colou VA+ 80x25[    0.00400] console [tty1] enabled
[    0004000] cosole [tyS] enable
    0.00400] ACP: ore revison201783
[   0.004000]CPI: 2 ACPI AML tables successfully acquired and loaded
[  0.004000] APIC: Switch to symmetric I/O mode setup
[    0.004320] x2apic enabled
[    0.008007] Switched APIC routing to physical x2apic.
[    0.015464] ..TIMER: vector=0x30 apic1=0 pin1=2 apic2=-1 pin2=-1
[    0.016010] tsc: Detected 1899.999 MHz processor
[    0.024018] Calibrating delay loop (skipped) preset value.. 3799.99 BogoMIPS (lpj=7599996)
[    0.027205] pid_max: default: 32768 minimum: 301
[    0.028048] Security Framework initialized
[    0.032009] Yama: becoming mindful.
[    0.036047] AppArmor: AppArmor initialized
[    0.044062] Dentry cache hash table entries: 131072 (order: 8, 1048576 bytes)
[    0.048092] Inode-cache hash table entries: 65536 (order: 7, 524288 bytes)
[    0.052029] Mount-cache hash table entries: 2048 (order: 2, 16384 bytes)
[    0.056015] Mountpoint-cache hash table entries: 2048 (order: 2, 16384 bytes)
[    0.060268] mce: CPU supports 0 MCE banks
[    0.064027] Last level iTLB entries: 4KB 1024, 2MB 1024, 4MB 1024
[    0.068007] Last level dTLB entries: 4KB 1024, 2MB 1024, 4MB 1024, 1GB 4
[    0.072009] Spectre V2 : Mitigation: Full generic retpoline
[    0.076007] Spectre V2 : Spectre v2 / SpectreRSB mitigation: Filling RSB on context switch
[    0.080007] Speculative Store Bypass: Vulnerable
[    0.084211] Freeing SMP alternatives memory: 36K
[    0.092000] smpboot: CPU0: Intel(R) Core(TM) i5-4250U CPU @ 1.30GHz (family: 0x6, model: 0x45, stepping: 0x1)
[    0.092235] Performance Events: unsupported p6 CPU model 69 no PMU driver, software events only.
[    0.096080] Hierarchical SRCU implementation.
[    0.100688] NMI watchdog: Perf event create on CPU 0 failed with -2
[    0.104006] NMI watchdog: Perf NMI watchdog permanently disabled
[    0.108082] smp: Bringing up secondary CPUs ...
[    0.112134] x86: Booting SMP configuration:
[    0.116006] .... node  #0, CPUs:      #1
[    0.004000] kvm-clock: cpu 1, msr 0:3ff44041, secondary cpu clock
[    0.004000] mce: CPU supports 0 MCE banks
[    0.138981] smp: Brought up 1 node, 2 CPUs
[    0.140008] smpboot: Max logical packages: 1
[    0.144008] smpboot: Total of 2 processors activated (7599.99 BogoMIPS)
[    0.152062] devtmpfs: initialized
[    0.156062] x86/mm: Memory block size: 128MB
[    0.160165] evm: security.selinux
[    0.164005] evm: security.SMACK64
[    0.168007] evm: security.SMACK64EXEC
[    0.172004] evm: security.SMACK64TRANSMUTE
[    0.176007] evm: security.SMACK64MMAP
[    0.180007] evm: security.apparmor
[    0.184008] evm: security.ima
[    0.188006] evm: security.capability
[    0.192154] clocksource: jiffies: mask: 0xffffffff max_cycles: 0xffffffff, max_idle_ns: 7645041785100000 ns
[    0.196030] futex hash table entries: 512 (order: 3, 32768 bytes)
[    0.200172] pinctrl core: initialized pinctrl subsystem
[    0.208121] RTC time:  5:12:45, date: 12/05/18
[    0.216066] NET: Registered protocol family 16
[    0.220109] audit: initializing netlink subsys (disabled)
[    0.224073] audit: type=2000 audit(1543986743.996:1): state=initialized audit_enabled=0 res=1
[    0.312015] cpuidle: using governor ladder
[    0.316022] cpuidle: using governor menu
[    0.320063] ACPI: bus type PCI registered
[    0.324007] acpiphp: ACPI Hot Plug PCI Controller Driver version: 0.5
[    0.328154] PCI: Using configuration type 1 for base access
[    0.336390] HugeTLB registered 2.00 MiB page size, pre-allocated 0 pages
[    0.340130] ACPI: Added _OSI(Module Device)
[    0.344024] ACPI: Added _OSI(Processor Device)
[    0.348015] ACPI: Added _OSI(3.0 _SCP Extensions)
[    0.352005] ACPI: Added _OSI(Processor Aggregator Device)
[    0.356006] ACPI: Added _OSI(Linux-Dell-Video)
[    0.360007] ACPI: Added _OSI(Linux-Lenovo-NV-HDMI-Audio)
[    0.364485] ACPI: Executed 1 blocks of module-level executable AML code
[    0.375421] ACPI: Interpreter enabled
[    0.376021] ACPI: (supports S0 S5)
[    0.380005] ACPI: Using IOAPIC for interrupt routing
[    0.384287] PCI: Using host bridge windows from ACPI; if necessary, use "pci=nocrs" and report a bug
[    0.388314] ACPI: Enabled 2 GPEs in block 00 to 07
[    0.404566] ACPI: PCI Root Bridge [PCI0] (domain 0000 [bus 00-ff])
[    0.408024] acpi PNP0A03:00: _OSC: OS supports [ASPM ClockPM Segments MSI]
[    0.412409] acpi PNP0A03:00: _OSC: not requesting OS control; OS requires [ExtendedConfig ASPM ClockPM MSI]
[    0.416058] acpi PNP0A03:00: fail to add MMCONFIG information, can't access extended PCI configuration space under this bridge.
[    0.423364] PCI host bridge to bus 0000:00
[    0.424079] pci_bus 0000:00: root bus resource [io  0x0000-0x0cf7 window]
[    0.428009] pci_bus 0000:00: root bus resource [io  0x0d00-0xffff window]
[    0.432086] pci_bus 0000:00: root bus resource [mem 0x000a0000-0x000bffff window]
[    0.436054] pci_bus 0000:00: root bus resource [mem 0x40000000-0xfdffffff window]
[    0.440014] pci_bus 0000:00: root bus resource [bus 00-ff]
[    0.448728] pci 0000:00:01.1: legacy IDE quirk: reg 0x10: [io  0x01f0-0x01f7]
[    0.452011] pci 0000:00:01.1: legacy IDE quirk: reg 0x14: [io  0x03f6]
[    0.456011] pci 0000:00:01.1: legacy IDE quirk: reg 0x18: [io  0x0170-0x0177]
[    0.460007] pci 0000:00:01.1: legacy IDE quirk: reg 0x1c: [io  0x0376]
[    0.496704] pci 0000:00:07.0: quirk: [io  0x4000-0x403f] claimed by PIIX4 ACPI
[    0.500028] pci 0000:00:07.0: quirk: [io  0x4100-0x410f] claimed by PIIX4 SMB
[    0.527509] ACPI: PCI Interrupt Link [LNKA] (IRQs 5 9 10 *11)
[    0.528436] ACPI: PCI Interrupt Link [LNKB] (IRQs 5 9 *10 11)
[    0.532191] ACPI: PCI Interrupt Link [LNKC] (IRQs 5 *9 10 11)
[    0.536188] ACPI: PCI Interrupt Link [LNKD] (IRQs 5 9 10 *11)
[    0.538782] SCSI subsystem initialized
[    0.540096] pci 0000:00:02.0: vgaarb: setting as boot VGA device
[    0.544000] pci 0000:00:02.0: vgaarb: VGA device added: decodes=io+mem,owns=io+mem,locks=none
[    0.544012] pci 0000:00:02.0: vgaarb: bridge control possible
[    0.548004] vgaarb: loaded
[    0.552058] ACPI: bus type USB registered
[    0.556036] usbcore: registered new interface driver usbfs
[    0.560020] usbcore: registered new interface driver hub
[    0.564057] usbcore: registered new device driver usb
[    0.568097] EDAC MC: Ver: 3.0.0
[    0.572401] PCI: Using ACPI for IRQ routing
[    0.580391] NetLabel: Initializing
[    0.584004] NetLabel:  domain hash size = 128
[    0.588007] NetLabel:  protocols = UNLABELED CIPSOv4 CALIPSO
[    0.592040] NetLabel:  unlabeled traffic allowed by default
[    0.596397] clocksource: Switched to clocksource kvm-clock
[    0.694913] VFS:Dik quotas dqot6.0    0.89949] FSDqot-cace as tlenties: 512 (order 0, 4096 bytes)
[    1.339252] AppArmor: AppArmor Filesystem Enabled
[   1.416]np: PnP CPI init[   1.55993] np P ACI:ou 3deces

[  2072969] clocksoure:cppmmak:0xff mx_yces0xffffff m_id_n: 85702ns[  30248NE Ristere ptol amy 
[    36894] P taliheha tbl etrs:8192 (order: 4,656 yts)
[  43187 T bd as tabe tres: 892 (order: 5, 131072 bytes)
[   .767 TP:Ha tle configured(etaised 8192 bind 819)[   3957UD hash talentes51(oer2,634 te
    .135] DPLi hh bl entris: 512 (orer2,164 te
  6.960]ETRestedroocl miy 
   75998] pci 000000. Litg ret I/CItrnsfers[  8656]ci00:001.0: ctvaing ISADMAhag orkrods

[    8.923080 pi 0000020: Vieoeve thhawe R a [em 0x000c0000x000fff]
[   .721] npckngintrfs..
[   10.530440] Freeing initrd memory: 18968K
[   10.592447] platform rtc_cmos: registered platform RTC device (no PNP device found)
[   10.730251] Scanning for low memory corruption every 60 seconds
[   10.770718] Initialise system trusted keyrings
[   10.851738] Key type blacklist registered
[   10.900568] workingset: timestamp_bits=36 max_order=18 bucket_order=0
[   10.982487] zbud: loaded
[   11.017683] squashfs: version 4.0 (2009/01/31) Phillip Lougher
[   11.064277] fuse init (API version 7.26)
[   11.101325] Key type asymmetric registered
[   11.133076] Asymmetric key parser 'x509' registered
[   11.162299] Block layer SCSI generic (bsg) driver version 0.4 loaded (major 246)
[   11.240643] io scheduler noop registered
[   11.299462] io scheduler deadline registered
[   11.342105] io scheduler cfq registered (default)
[   11.429001] ACPI: AC Adapter [AC] (off-line)
[   11.493169] input: Power Button as /devices/LNXSYSTM:00/LNXPWRBN:00/input/input0
[   11.612721] tsc: Refined TSC clocksource calibration: 1898.948 MHz
[   11.672898] clocksource: tsc: mask: 0xffffffffffffffff max_cycles: 0x36be941a0ee, max_idle_ns: 881590537580 ns
[   11.676215] ACPI: Power Button [PWRF]
[   11.676531] input: Sleep Button as /devices/LNXSYSTM:00/LNXSLPBN:00/input/input1
[   11.676638] ACPI: Sleep Button [SLPF]
[   11.679352] ACPI: Battery Slot [BAT0] (battery present)
[   11.709518] Serial: 8250/16550 driver, 32 ports, IRQ sharing enabled
[   11.834330] 00:02: ttyS0 at I/O 0x3f8 (irq = 4, base_baud = 115200) is a 16550A
[   12.011933] Linux agpgart interface v0.103
[  1.1773] loop: modleloed

[   12.541944] scsi host0: ata_piix
[   154259] scsios: a_ix
[   12.898017] a1 PA axDM/33 cmd 0x1f0 ctl 0x3f6 bmdma 0xd000 irq 14
[   13.207664] ata2: PATA max UDMA/33 cmd 0x170 ctl 0x376 bmdma 0xd008 irq 15
[   13.288833] libphy: Fixed MDIO Bus: probed
[   13.348514] tun: Universal TUN/TAP device driver, 1.6
[   13.402742] PPP generic driver version 2.4.2
[   13.420505] ehci_hcd: USB 2.0 'Enhanced' Host Controller (EHCI) Driver
[   13.493348] ehci-pci: EHCI PCI platform driver
[   13.538228] ehci-platform: EHCI generic platform driver
[   13.554569] ohci_hcd: USB 1.1 'Open' Host Controller (OHCI) Driver
[   13.641273] ohci-pci: OHCI PCI platform driver
[   138190 ociplfo: CIeneiclaormrir
[   1.3555]uh_h: SBUnversal Hot onolr teacdrer
[   15.0822] i8042: PNP: PS/2 Controller [PNP0303:PS2K,PNP0f03:PS2M] at 0x60,0x64 irq 1,12
[  11843] sioi842KBpo a0x60,064ir 1
[   5.16] ri i42AUX or at 0x60,0xx64ir12[ 16224]oued: PS2 useeve common for all mice

[   16.815931] rtc_cmos rtc_cmos: rtc core: registered rtc_cmos as rtc0
[   16.886922] rtc_cmos rtc_cmos: alarms up to one day, 114 bytes nvram
[   16.904581] i2c /dev entries driver
[   16.954338] input: AT Translated Set 2 keyboard as /devices/platform/i8042/serio0/input/input2
[   16.960352] pcie_mp2_amd: AMD(R) PCI-E MP2 Communication Driver Version: 1.0
[   16.960663] device-mapper: uevent: version 1.0.3
[   16.960803] device-mapper: ioctl: 4.37.0-ioctl (2017-09-20) initialised: dm-devel@redhat.com
[   17.320836] ledtrig-cpu: registered to indicate activity on CPUs
[   17.442197] NET: Registered protocol family 10
[   17.497418] Segment Routing with IPv6
[   17.549980] NET: Registered protocol family 17
[   17.634334] Key type dns_resolver registered
[   17.643722] RAS: Correctable Errors collector initialized.
[   17.739698] sched_clock: Marking stable (17739648356, 0)->(47709172987, -29969524631)
[   17.840123] registered taskstats version 1
[   17.906937] Loading compiled-in X.509 certificates
[   17.962817] Loaded X.509 cert 'Build time autogenerated kernel key: 1663f0131deec003b89e364b3e1eacfdeb38eccf'
[   18.042477] zswap: loaded using pool lzo/zbud
[   18.063913] Key type big_key registered
[   18.087964] Key type trusted registered
[   18.100958] Key type encrypted registered
[   18.109861] AppArmor: AppArmor sha1 policy hashing enabled
[   18.118775] ima: No TPM chip found, activating TPM-bypass! (rc=-19)
[   18.130375] ima: Allocated hash algorithm: sha1
[   18.138307] evm: HMAC attrs: 0x1
[   18.148740]   Magic number: 14:108:213
[   18.158535] rtc_cmos rtc_cmos: setting system clock to 2018-12-05 05:13:05 UTC (1543986785)
[   18.173954] BIOS EDD facility v0.16 2004-Jun-25, 0 devices found
[   18.182151] EDD information not available.
[   18.192745] Freeing unused kernel memory: 2408K
[   18.276901] Write protecting the kernel read-only data: 20480k
[   18.320508] Freeing unused kernel memory: 2008K
[   18.336553] Freeing unused kernel memory: 1892K
[   18.344519] x86/mm: Checked W+X mappings: passed, no W+X pages found.
[   18.367228] x86/mm: Checking user space page tables
[   18.393103] x86/mm: Checked W+X mappings: passed, no W+X pages found.
Loading, please wait...
starting version 237
[   18.652725] Fusion MPT base driver 3.04.20
[   18.670383] Copyright (c) 1999-2008 LSI Corporation
[   18.682051] e1000: Intel(R) PRO/1000 Network Driver - version 7.3.21-k8-NAPI
[   18.692370] e1000: Copyright (c) 1999-2006 Intel Corporation.
[   18.715674] AVX2 version of gcm_enc/dec engaged.
[   18.730008] AES CTR mode by8 optimization enabled
[   18.750845] Fusion MPT SPI Host driver 3.04.20
[   18.925509] input: ImExPS/2 Generic Explorer Mouse as /devices/platform/i8042/serio1/input/input4
[   19.164350] e1000 0000:00:03.0 eth0: (PCI:33MHz:32-bit) 02:ec:de:eb:8e:43
[   20.245161] e1000 0000:00:03.0 eth0: Intel(R) PRO/1000 Network Connection
[   20.817137] e1000 0000:00:08.0 eth1: (PCI:33MHz:32-bit) 08:00:27:55:9f:4c
[   21.293153] e1000 0000:00:08.0 eth1: Intel(R) PRO/1000 Network Connection
[   21.307963] e1000 0000:00:08.0 enp0s8: renamed from eth1
[   21.344567] mptbase: ioc0: Initiating bringup
[   21.357410] e1000 0000:00:03.0 enp0s3: renamed from eth0
[   21.613188] ioc0: LSI53C1030 A0: Capabilities={Initiator}
[   23.104894] scsi host2: ioc0: LSI53C1030 A0, FwRev=00000000h, Ports=1, MaxQ=256, IRQ=20
[   24.180354] scsi 2:0:0:0: Direct-Access     VBOX     HARDDISK         1.0  PQ: 0 ANSI: 5
[   24.336320] scsi target2:0:0: Beginning Domain Validation
[   24.414841] scsi target2:0:0: Domain Validation skipping write tests
[   24.527071] scsi target2:0:0: Ending Domain Validation
[   24.599878] scsi target2:0:0: asynchronous
[   24.661583] scsi 2:0:1:0: Direct-Access     VBOX     HARDDISK         1.0  PQ: 0 ANSI: 5
[   24.808588] scsi target2:0:1: Beginning Domain Validation
[   24.900317] random: fast init done
[   25.450778] scsi target2:0:1: Domain Validation skipping write tests
[   25.546487] scsi target2:0:1: Ending Domain Validation
[   25.606976] scsi target2:0:1: asynchronous
[   25.653582] sd 2:0:0:0: Attached scsi generic sg0 type 0
[   25.653595] random: systemd-udevd: uninitialized urandom read (16 bytes read)
[   25.653733] random: systemd-udevd: uninitialized urandom read (16 bytes read)
[   25.653743] random: systemd-udevd: uninitialized urandom read (16 bytes read)
[   25.654128] sd 2:0:0:0: [sda] 20971520 512-byte logical blocks: (10.7 GB/10.0 GiB)
[   25.654257] sd 2:0:0:0: [sda] Write Protect is off
[   25.654500] sd 2:0:0:0: [sda] Incomplete mode parameter data
[   25.654501] sd 2:0:0:0: [sda] Assuming drive cache: write through
[   25.663308]  sda: sda1
[   25.664309] sd 2:0:0:0: [sda] Attached SCSI disk
[   26.149510] sd 2:0:1:0: [sdb] 20480 512-byte logical blocks: (10.5 MB/10.0 MiB)
[   26.152731] sd 2:0:1:0: Attached scsi generic sg1 type 0
[   26.213732] sd 2:0:1:0: [sdb] Write Protect is off
[   26.278204] sd 2:0:1:0: [sdb] Incomplete mode parameter data
[   26.365523] sd 2:0:1:0: [sdb] Assuming drive cache: write through
[   26.375408] sd 2:0:1:0: [sdb] Attached SCSI disk
Begin: Loading essential drivers ... [   28.096580] raid6: sse2x1   gen()  8388 MB/s
[   28.172276] raid6: sse2x1   xor()  5736 MB/s
[   28.286626] raid6: sse2x2   gen() 11844 MB/s
[   28.369462] raid6: sse2x2   xor()  7314 MB/s
[   28.464853] raid6: sse2x4   gen() 11627 MB/s
[   28.516180] raid6: sse2x4   xor()  4707 MB/s
[   28.584547] raid6: avx2x1   gen()  6911 MB/s
[   28.676631] raid6: avx2x1   xor() 11203 MB/s
[   28.768783] raid6: avx2x2   gen() 19085 MB/s
[   28.869621] raid6: avx2x2   xor() 11936 MB/s
[   28.968995] raid6: avx2x4   gen() 22183 MB/s
[   29.069483] raid6: avx2x4   xor() 14372 MB/s
[   29.109121] raid6: using algorithm avx2x4 gen() 22183 MB/s
[   29.139459] raid6: .... xor() 14372 MB/s, rmw enabled
[   29.179158] raid6: using avx2x2 recovery algorithm
[   29.232397] xor: automatically using best checksumming function   avx       
[   29.310906] async_tx: api initialized (async)
done.
Begin: Running /scripts/init-premount ... done.[   29.411909] Btrfs loaded, crc32c=crc32c-intel

Begin: Mounting root file system ... Begin: Running /scripts/local-top ... done.
Begin: Running /scripts/local-premount ... Scanning for Btrfs filesystems
done.
Warning: fsck not present, [   29.533873] EXT4-fs (sda1): mounted filesystem with ordered data mode. Opts: (null)
so skipping root file system
done.
Begin: Running /scripts/local-bottom ... done.
Begin: Running /scripts/init-bottom ... done.
[   30.023022] ip_tables: (C) 2000-2006 Netfilter Core Team
[   30.208508] systemd[1]: systemd 237 running in system mode. (+PAM +AUDIT +SELINUX +IMA +APPARMOR +SMACK +SYSVINIT +UTMP +LIBCRYPTSETUP +GCRYPT +GNUTLS +ACL +XZ +LZ4 +SECCOMP +BLKID +ELFUTILS +KMOD -IDN2 +IDN -PCRE2 default-hierarchy=hybrid)
[   30.600569] systemd[1]: Detected virtualization oracle.
[   30.752535] systemd[1]: Detected architecture x86-64.

Welcome to [1mUbuntu 18.04.1 LTS[0m!

[   30.857162] systemd[1]: Set hostname to <ubuntu>.
[   30.899742] systemd[1]: Initializing machine ID from random generator.
[   30.922630] systemd[1]: Installed transient /etc/machine-id file.
[   31.384837] systemd[1]: Set up automount Arbitrary Executable File Formats File System Automount Point.
[[0;32m  OK  [0m] Set up automount Arbitrary Executab…rmats File System Automount Point.
[   31.708620] systemd[1]: Reached target User and Group Name Lookups.
[[0;32m  OK  [0m] Reached target User and Group Name Lookups.
[   31.924860] systemd[1]: Created slice User and Session Slice.
[[0;32m  OK  [0m] Created slice User and Session Slice.
[   32.004578] systemd[1]: Created slice System Slice.
[[0;32m  OK  [0m] Created slice System Slice.
[[0;32m  OK  [0m] Listening on LVM2 metadata daemon socket.
[[0;32m  OK  [0m] Listening on udev Control Socket.
[[0;32m  OK  [0m] Listening on /dev/initctl Compatibility Named Pipe.
[[0;32m  OK  [0m] Reached target Swap.
[[0;32m  OK  [0m] Reached target Slices.
[[0;32m  OK  [0m] Listening on Journal Socket.
         Mounting POSIX Message Queue File System...
         Mounting Kernel Debug File System...
         Starting Set the console keyboard layout...
[[0;32m  OK  [0m] Listening on Network Service Netlink Socket.
         Starting Uncomplicated firewall...
         Mounting Huge Pages File System...
[[0;32m  OK  [0m] Listening on Journal Audit Socket.
[[0;32m  OK  [0m] Listening on Device-mapper event daemon FIFOs.
[[0;32m  OK  [0m] Listening on Journal Socket (/dev/log).
[[0;32m  OK  [0m] Reached target System Time Synchronized.
[[0;32m  OK  [0m] Listening on LVM2 poll daemon socket.
         Starting Monitoring of LVM2 mirrors…ng dmeventd or progress polling...
[[0;32m  OK  [0m] Listening on udev Kernel Socket.
         Starting udev Coldplug all Devices...
[[0;32m  OK  [0m] Created slice system-serial\x2dgetty.slice.
         Starting Remount[   32.915172] EXT4-fs (sda1): re-mounted. Opts: (null)
 Root and Kernel File Systems...
         Starting Load Kernel Modules...[   33.073290] Loading iSCSI transport class v2.0-870.

[[0;32m  OK  [0[   33.150930] random: crng init done
m] Listening on [   33.190137] random: 7 urandom warning(s) missed due to ratelimiting
Syslog Socket.
[   34.652859] iscsi: registered transport (tcp)
         Starting Journal Service...
[   34.682038] iscsi: registered transport (iser)
[[0;32m  OK  [0m] Started Forward Password Requests to Wall Directory Watch.
         Starting Create list of required st…ce nodes for the current kernel...
[[0;32m  OK  [0m] Started Journal Service.
[[0;32m  OK  [0m] Mounted POSIX Message Queue File System.
[[0;32m  OK  [0m] Mounted Kernel Debug File System.
[[0;32m  OK  [0m] Started Set the console keyboard layout.
[[0;32m  OK  [0m] Started Uncomplicated firewall.
[[0;32m  OK  [0m] Mounted Huge Pages File System.
[[0;32m  OK  [0m] Started Remount Root and Kernel File Systems.
[[0;32m  OK  [0m] Started Load Kernel Modules.
[[0;32m  OK  [0m] Started Create list of required sta…vice nodes for the current kernel.
[[0;32m  OK  [0m] Started udev Coldplug all Devices.
[[0;32m  OK  [0m] Started LVM2 metadata daemon.
         Starting Create Static Device Nodes in /dev...
         Mounting Kernel Configuration File System...
         Starting Apply Kernel Variables...
         Mounting FUSE Control File System...
         Starting Load/Save Random Seed...
         Starting Initial cloud-init job (pre-networking)...
         Starting Flush Journal to Persistent Storage...
[[0;32m  OK  [0m] Started Monitoring of LVM2 mirrors,…sing dmeventd or progress polling.
[[0;32m  OK  [0m] Started Create Static Device Nodes in /dev.
[[0;32m  OK  [0m] Mounted Kernel Configuration File System.
[[0;32m  OK  [0m] Started Apply Kernel Variables.
[[0;32m  OK  [0m] Mounted FUSE Control File System.
[[0;32m  OK  [0m] Started Load/Save Random Seed.
         Starting udev Kernel Device Manager...
[[0;32m  OK  [0m] Reached target Local File Systems (Pre).
[[0;32m  OK  [0m] Reached target Local File Systems.
         Starting Commit a transient machine-id on disk...
         Starting AppArmor initialization...
         Starting ebtables ruleset management...
         Starting Tell Plymouth To Write Out Runtime Data...
         Starting Set console font and keymap...
[[0;32m  OK  [0m] Started udev Kernel Device Manager.
[[0;32m  OK  [0m] Started Tell Plymouth To Write Out Runtime Data.
[[0;32m  OK  [0m] Started Set console font and keymap.
[[0;32m  OK  [0m] Started Dispatch Password Requests to Console Directory Watch.
[[0;32m  OK  [0m] Reached target Local Encrypted Volumes.
[[0;32m  OK  [0m] Started Flush Journal to Persistent Storage.
[[0;32m  OK  [0m] Started Commit a transient machine-id on disk.
         Starting Create Volatile Files and Directories...
[[0;32m  OK  [0m] Started Create Volatile Files and Directories.
         Starting Update UTMP about System Boot/Shutdown...
[[0;32m  OK  [0m] Started ebtables ruleset management.
[[0;32m  OK  [0m] Started Update UTMP about System Boot/Shutdown.
[[0;32m  OK  [0m] Found device /dev/ttyS0.
[[0;32m  OK  [0m] Listening on Load/Save RF Kill Switch Status /dev/rfkill Watch.
[[0;32m  OK  [0m] Started AppArmor initialization.
[   38.688203] cloud-init[413]: Cloud-init v. 18.4-0ubuntu1~18.04.1 running 'init-local' at Wed, 05 Dec 2018 05:13:25 +0000. Up 38.06 seconds.
[[0;32m  OK  [0m] Started Initial cloud-init job (pre-networking).
[[0;32m  OK  [0m] Reached target Network (Pre).
         Starting Network Service...
[[0;32m  OK  [0m] Started Network Service.
         Starting Wait for Network to be Configured...
         Starting Network Name Resolution...
[[0;32m  OK  [0m] Started Network Name Resolution.
[[0;32m  OK  [0m] Reached target Network.
[[0;32m  OK  [0m] Reached target Host and Network Name Lookups.
[[0;32m  OK  [0m] Started Wait for Network to be Configured.
         Starting Initial cloud-init job (metadata service crawler)...
[   41.534125] cloud-init[654]: Cloud-init v. 18.4-0ubuntu1~18.04.1 running 'init' at Wed, 05 Dec 2018 05:13:28 +0000. Up 41.27 seconds.
[   41.589035] cloud-init[654]: ci-info: ++++++++++++++++++++++++++++++++++++++Net device info+++++++++++++++++++++++++++++++++++++++
[   41.652782] cloud-init[654]: ci-info: +--------+-------+----------------------------+---------------+--------+-------------------+
[   41.700365] cloud-init[654]: ci-info: | Device |   Up  |          Address           |      Mask     | Scope  |     Hw-Address    |
[   41.761540] cloud-init[654]: ci-info: +--------+-------+----------------------------+---------------+--------+-------------------+
[   41.813248] cloud-init[654]: ci-info: | enp0s3 |  True |         10.0.2.15          | 255.255.255.0 | global | 02:ec:de:eb:8e:43 |
[   41.900437] cloud-init[654]: ci-info: | enp0s3 |  True | fe80::ec:deff:feeb:8e43/64 |       .       |  link  | 02:ec:de:eb:8e:43 |
[   41.980938] cloud-init[654]: ci-info: | enp0s8 | False |             .              |       .       |   .    | 08:00:27:55:9f:4c |
[   42.064810] cloud-init[654]: ci-info: |   lo   |  True |         127.0.0.1          |   255.0.0.0   |  host  |         .         |
[   42.168811] cloud-init[654]: ci-info: |   lo   |  True |          ::1/128           |       .       |  host  |         .         |
[   42.229068] cloud-init[654]: ci-info: +--------+-------+----------------------------+---------------+--------+-------------------+
[   42.364882] cloud-init[654]: ci-info: ++++++++++++++++++++++++++++Route IPv4 info+++++++++++++++++++++++++++++
[[0;32m  OK  [0m] Started Initial cloud-init job (metadata service crawler).
[[0;32m  OK  [0m] Reached target System Initialization.
[[0;32m  OK  [0m] Started Discard unused blocks once a week.
[   42.490769] cloud-init[654]: ci-info: +-------+-------------+----------+-----------------+-----------+-------+
[   42.685993] cloud-init[654]: ci-info: | Route | Destination | Gateway  |     Genmask     | Interface | Flags |
         Starting Socket activation for snappy daemon.
[[0;32m  OK  [0m] Listening on UUID daemon activation socket.
[[0;32m  OK  [0m] Started Message of the Day.
[   42.730853] cloud-init[654]: ci-info: +-------+-------------+----------+-----------------+-----------+-------+
[   42.832411] cloud-init[654]: ci-info: |   0   |   0.0.0.0   | 10.0.2.2 |     0.0.0.0     |   enp0s3  |   UG  |
[   42.892605] cloud-init[654]: ci-info: |   1   |   10.0.2.0  | 0.0.0.0  |  255.255.255.0  |   enp0s3  |   U   |
[   42.952857] cloud-init[654]: ci-info: |   2   |   10.0.2.2  | 0.0.0.0  | 255.255.255.255 |   enp0s3  |   UH  |
[   43.020345] cloud-init[654]: ci-info: +-------+-------------+----------+-----------------+-----------+-------+
[[0;32m  OK  [0m] Started Daily Cleanup of Temporary Directories.
[[0;32m  OK  [0m] Listening on Open-iSCSI iscsid Socket.
[[0;32m  OK  [0m] Listening on ACPID Listen Socket.
[[   43.123092] cloud-init[654]: ci-info: +++++++++++++++++++Route IPv6 info+++++++++++++++++++
[   43.221136] cloud-init[654]: ci-info: +-------+-------------+---------+-----------+-------+
[   43.222327] cloud-init[654]: ci-info: | Route | Destination | Gateway | Interface | Flags |
[   43.222457] cloud-init[654]: ci-info: +-------+-------------+---------+-----------+-------+
[   43.223530] cloud-init[654]: ci-info: |   1   |  fe80::/64  |    ::   |   enp0s3  |   U   |
[   43.223642] cloud-init[654]: ci-info: |   3   |    local    |    ::   |   enp0s3  |   U   |
[   43.223747] cloud-init[654]: ci-info: |   4   |   ff00::/8  |    ::   |   enp0s3  |   U   |
[   43.223835] cloud-init[654]: ci-info: +-------+-------------+---------+-----------+-------+
[   43.223915] cloud-init[654]: Generating public/private rsa key pair.
[   43.224000] cloud-init[654]: Your identification has been saved in /etc/ssh/ssh_host_rsa_key.
[   43.224101] cloud-init[654]: Your public key has been saved in /etc/ssh/ssh_host_rsa_key.pub.
[   43.224188] cloud-init[654]: The key fingerprint is:
[   43.224373] cloud-init[654]: SHA256:wKNEMzy+rQGRhfMrrdDaB7YGClA4+riqqYGU7kMIdvU root@ubuntu-bionic
[   43.224486] cloud-init[654]: The key's randomart image is:
[   43.224586] cloud-init[654]: +---[RSA 2048]----+
[   43.224674] cloud-init[654]: | . ==            |
[   43.224753] cloud-init[654]: |o *.o=           |
[   43.224832] cloud-init[654]: |.o =o.=          |
[   43.224917] cloud-init[654]: |+.ooo. E         |
[   43.225002] cloud-init[654]: |=*.o.+  S        |
[   43.225101] cloud-init[654]: |X.* = .          |
[   43.225199] cloud-init[654]: |*O = o           |
[   43.225280] cloud-init[654]: |=+= o            |
[   43.225366] cloud-init[654]: |Oo..             |
[   43.225460] cloud-init[654]: +----[SHA256]-----+
[   43.225539] cloud-init[654]: Generating public/private dsa key pair.
[   43.225632] cloud-init[654]: Your identification has been saved in /etc/ssh/ssh_host_dsa_key.
[   43.225712] cloud-init[654]: Your public key has been saved in /etc/ssh/ssh_host_dsa_key.pub.
[   43.225798] cloud-init[654]: The key fingerprint is:
[   43.225877] cloud-init[654]: SHA256:/slr6yhIlPHR3jXCMMEp0Ojg3fFs6rMDTiLsEAFAZaE root@ubuntu-bionic
[   43.225971] cloud-init[654]: The key's randomart image is:
[   43.226051] cloud-init[654]: +---[DSA 1024]----+
[   43.226128] cloud-init[654]: |*..+o+ o+=       |
[   43.226373] cloud-init[654]: |. + o = +.o o    |
[   43.226801] cloud-init[654]: | E + = B . o .   |
[   43.226963] cloud-init[654]: |. . = o = .      |
[   43.227118] cloud-init[654]: |.. .   oS        |
[   43.227385] cloud-init[654]: |o.. + ..         |
[   43.227507] cloud-init[654]: |o. = +  .        |
[   43.227604] cloud-init[654]: | .  o =  +..     |
[   43.227686] cloud-init[654]: |      .=.oBo     |
[   43.227764] cloud-init[654]: +----[SHA256]-----+
[   43.227842] cloud-init[654]: Generating public/private ecdsa key pair.
[   43.227929] cloud-init[654]: Your identification has been saved in /etc/ssh/ssh_host_ecdsa_key.
[   43.228022] cloud-init[654]: Your public key has been saved in /etc/ssh/ssh_host_ecdsa_key.pub.
[0;32m  OK  [0m] Started Daily apt download activities.
[   43.228345] cloud-init[654]: The key fingerprint is:
         Starting LXD - unix socket.
[[0;32m  OK  [0m] Started Daily apt upgrade and clean activities.
[[0;32m  OK  [0m] Reached target Timers.
[   44.327218] cloud-init[654]: SHA256:kHNzRrk1QvEz6Zax5uEXjOB8mVokcX6c3Rz9xAi5PHM root@ubuntu-bionic
[   44.459601] cloud-init[654]: The key's randomart image is:
[   44.492448] cloud-init[654]: +---[ECDSA 256]---+
[   44.536868] cloud-init[654]: |         .=ooo +.|
[   44.568577] cloud-init[654]: |       . .o=+o.+*|
[   44.590327] cloud-init[654]: |      + o ==Oo+.=|
[[0;32m  OK  [0m] Started ACPI Events Check.
[[0;32m  OK  [0m] Reached target Paths.
[[0;32m  OK  [0m] Listening on D-Bus System Message Bus Socket.
[[0;32m  OK  [0m] Reached target Network is Online.
[   44.622714] cloud-init[654]: |       + *.==%E .|
[   44.783039] cloud-init[654]: |        S o &+o  |
         Starting Availability of block devices...
[[0;32m  OK  [0m] Reached target Remote File Systems (Pre).
[[0;32m  OK  [0m] Reached target Remote File Systems.
[[0;32m  OK  [0m] Reached target Cloud-config availability.
[[0;32m  OK  [0m] Listening on Socket accivation for snappy daemon.
[   44.814660] cloud-init[654]: |           O . . |
[   45.016751] cloud-init[654]: |          . o .  |
[   45.023783] cloud-init[654]: |             .   |
[[0;32m  OK  [0m] Listening on LXD - unix socket.
[[0;32m  OK  [0m] Started Availability of block devices.
[[0;32m  OK  [0m] Reached target Sockets.
[[0;32m  OK  [0m] Reached target Basic System.
         Starting LSB: automatic crash report generation...
         Starting LXD - container startup/shutdown...
[   45.032003] cloud-init[654]: |                 |
[[0;32m  OK  [0m] Started Deferred execution scheduler.
[   45.254304] cloud-init[654]: +----[SHA256]-----+
[   45.261364] cloud-init[654]: Generating public/private ed25519 key pair.
[   45.284766] cloud-init[654]: Your identification has been saved in /etc/ssh/ssh_host_ed25519_key.
[[   45.327475] cloud-init[654]: Your public key has been saved in /etc/ssh/ssh_host_ed25519_key.pub.
[   45.328110] cloud-init[654]: The key fingerprint is:
[0;32m  OK  [0m] Started Regular background program processing daemon.
[   45.330154] cloud-init[654]: SHA256:u8Ol00covBwQQrEst8kkY9Asz122TVqZtBJaZJweFfk root@ubuntu-bionic
[   45.420803] cloud-init[654]: The key's randomart image is:
[   45.421058] cloud-init[654]: +--[ED25519 256]--+
         Starting Virtualbox guest utils...
[   45.421737] cloud-init[654]: |.o .o+=++=       |
         Starting Pollinate to seed the pseudo random number generator...
         Starting Permit User Sessions...
[[0;32m  OK  [0m] Started irqbalance daemon.
[[0;32m  OK  [0m] Started FUSE filesystem for LXC.
[   45.481212] cloud-init[654]: |..o..=B.*.       |
[[   45.664451] cloud-init[654]: | +=.*=.O..       |
[   45.664864] [0;32m  OK  [0mcloud-init] [654]: Started Unattended Upgrades Shutdown.| .oB.o=.. E      |

         [   45.828535] Starting LSB: Record successful boot for GRUB...cloud-init
[654]: |    +  oS  .     |
         Starting System Logging Service...
[   45.916876] cloud-init[654]: |        +.o .    |
         [   45.989959] cloud-init[654]: |       o.B .     |
[   45.990638] cloud-init[654]: |        B.. .    |
Starting Login Service...
[   45.991391] cloud-init[654]: |        .o .     |
         [   46.049386] Starting Dispatcher daemon for systemd-networkd...cloud-init
[654]: +----[SHA256]-----+
[[0;32m  OK  [0m] Started D-Bus System Message Bus.
[[0;32m  OK  [0m] Started Login Service.
         Starting Accounts Service...
         Starting Snappy daemon...
[[0;32m  OK  [0m] Started System Logging Service.
[[0;32m  OK  [0m] Started LXD - container startup/shutdown.
[[0;32m  OK  [0m] Started Permit User Sessions.
         Starting Authorization Manager...
         Starting Hold until boot process finishes up...
         Starting Terminate Plymouth Boot Screen...
[[0;32m  OK  [0m] Started Hold until boot process finishes up.
[[0;32m  OK  [0m] Started Terminate Plymouth Boot Screen.
         Starting Set console scheme...
[[0;32m  OK  [0m] Started Serial Getty on ttyS0.
[[0;32m  OK  [0m] Started LSB: automatic crash report generation.
[[0;32m  OK  [0m] Started LSB: Record successful boot for GRUB.
[[0;32m  OK  [0m] Started Virtualbox guest utils.
[[0;32m  OK  [0m] Started Set console scheme.
[[0;32m  OK  [0m] Started Authorization Manager.
[[0;32m  OK  [0m] Started Snappy daemon.
[[0;32m  OK  [0m] Started Accounts Service.
[[0;32m  OK  [0m] Started Dispatcher daemon for systemd-networkd.
         Starting Wait until snapd is fully seeded...
[[0;32m  OK  [0m] Created slice system-getty.slice.
[[0;32m  OK  [0m] Started Getty on tty1.
[[0;32m  OK  [0m] Reached target Login Prompts.
[[0;32m  OK  [0m] Started Pollinate to seed the pseudo random number generator.
         Starting OpenBSD Secure Shell server...
[[0;32m  OK  [0m] Started OpenBSD Secure Shell server.
[[0;32m  OK  [0m] Created slice User Slice of vagrant.
         Starting User Manager for UID 1000...
[[0;32m  OK  [0m] Started Session 1 of user vagrant.
[[0;32m  OK  [0m] Started User Manager for UID 1000.
         Stopping User Manager for UID 1000...
[[0;32m  OK  [0m] Stopped User Manager for UID 1000.

Ubuntu 18.04.1 LTS ubuntu-bionic ttyS0

ubuntu-bionic login: [   60.103801] cloud-init[1698]: Cloud-init v. 18.4-0ubuntu1~18.04.1 running 'modules:config' at Wed, 05 Dec 2018 05:13:46 +0000. Up 59.52 seconds.
ci-info: no authorized ssh keys fingerprints found for user ubuntu.
<14>Dec  5 05:13:48 ec2: 
<14>Dec  5 05:13:48 ec2: #############################################################
<14>Dec  5 05:13:48 ec2: -----BEGIN SSH HOST KEY FINGERPRINTS-----
<14>Dec  5 05:13:48 ec2: 1024 SHA256:/slr6yhIlPHR3jXCMMEp0Ojg3fFs6rMDTiLsEAFAZaE root@ubuntu-bionic (DSA)
<14>Dec  5 05:13:48 ec2: 256 SHA256:kHNzRrk1QvEz6Zax5uEXjOB8mVokcX6c3Rz9xAi5PHM root@ubuntu-bionic (ECDSA)
<14>Dec  5 05:13:48 ec2: 256 SHA256:u8Ol00covBwQQrEst8kkY9Asz122TVqZtBJaZJweFfk root@ubuntu-bionic (ED25519)
<14>Dec  5 05:13:48 ec2: 2048 SHA256:wKNEMzy+rQGRhfMrrdDaB7YGClA4+riqqYGU7kMIdvU root@ubuntu-bionic (RSA)
<14>Dec  5 05:13:48 ec2: -----END SSH HOST KEY FINGERPRINTS-----
<14>Dec  5 05:13:48 ec2: #############################################################
-----BEGIN SSH HOST KEY KEYS-----
ecdsa-sha2-nistp256 AAAAE2VjZHNhLXNoYTItbmlzdHAyNTYAAAAIbmlzdHAyNTYAAABBBHTHQH3gWdUDv9vkowd30wW/OSASWBa/kVPsu/GKvrZIKWh1VEpxyg0scWMQXA/j4mZusCeU0MO6U9dOfzIdF5I= root@ubuntu-bionic
ssh-ed25519 AAAAC3NzaC1lZDI1NTE5AAAAIMWHXpWAe56u0CZInUquRwWToJDpGKILRQ3DXGkN0quL root@ubuntu-bionic
ssh-rsa AAAAB3NzaC1yc2EAAAADAQABAAABAQDRKPpWOXVSJAXeZEywwEg5aqirGkC3nNA1XSNvKgEFG9R2rIClLPssyR1BAVVN2fKa/k4Wv1OoeRniMPpMgj3K9L8VvunCEKPvjHnGkuokgMu9yD+5rgUjoECeL/q7JlTarOn7DfvbsFoPpyWdhAEDBTtC3prhX+4220MePVXrSt15RlNSqtAg0Dar36zsRNxMUWmdooFCuZiMLqO7n2dP2kk6I+60t50SBcoAmk5zCyyKVP8t7kvFbb5T5DhJ0yTZqznwazhzSo3q54JlBJwRSwcvTuIak7laILGjlxCWiz+dUK3XKHcE/haUAAyGOggI9oylEGuKYnXU3N9Q92MJ root@ubuntu-bionic
-----END SSH HOST KEY KEYS-----
[   60.967981] cloud-init[1789]: Cloud-init v. 18.4-0ubuntu1~18.04.1 running 'modules:final' at Wed, 05 Dec 2018 05:13:48 +0000. Up 60.76 seconds.
[   60.968096] cloud-init[1789]: ci-info: no authorized ssh keys fingerprints found for user ubuntu.
[   60.968166] cloud-init[1789]: Cloud-init v. 18.4-0ubuntu1~18.04.1 finished at Wed, 05 Dec 2018 05:13:48 +0000. Datasource DataSourceNoCloud [seed=/dev/sdb][dsmode=net].  Up 60.95 seconds
